<?xml version="1.0" encoding="UTF-8"?>
<!-- Generated by org.testng.reporters.JUnitXMLReporter -->
<testsuite ignored="0" hostname="LAPTOP-38QPER0S" failures="5" tests="5" name="Default test" time="2.361" errors="0" timestamp="2023-09-03T21:53:56 IST">
  <testcase classname="io.cucumber.testng.AbstractTestNGCucumberTests" name="runScenario" time="0.087">
    <failure type="java.lang.Error" message="Unresolved compilation problem: 
	Unhandled exception type SocketException
">
      <![CDATA[java.lang.Error: Unresolved compilation problem: 
Unhandled exception type SocketException

at StepDefinition.login_SD.user_opens_the_browser_and_OrangeHRM_application_using(login_SD.java:20)
at ✽.User opens the "Chrome" browser and OrangeHRM application using "https://opensource-demo.orangehrmlive.com/web/index.php/auth/login"(file:///C:/Users/Kedar/eclipse-workspace/Pooja/SeleniumMavenProject-TestNG/CucumberTestngMavenUITesting/src/test/resources/Features/login.feature:6)
]]>
    </failure>
  </testcase> <!-- runScenario -->
  <testcase classname="io.cucumber.testng.AbstractTestNGCucumberTests" name="runScenario" time="0.01">
    <failure type="java.lang.Error" message="Unresolved compilation problem: 
	Unhandled exception type SocketException
">
      <![CDATA[java.lang.Error: Unresolved compilation problem: 
Unhandled exception type SocketException

at StepDefinition.login_SD.user_opens_the_browser_and_OrangeHRM_application_using(login_SD.java:20)
at ✽.User opens the "Chrome" browser and OrangeHRM application using "https://opensource-demo.orangehrmlive.com/web/index.php/auth/login"(file:///C:/Users/Kedar/eclipse-workspace/Pooja/SeleniumMavenProject-TestNG/CucumberTestngMavenUITesting/src/test/resources/Features/login.feature:13)
]]>
    </failure>
  </testcase> <!-- runScenario -->
  <testcase classname="io.cucumber.testng.AbstractTestNGCucumberTests" name="runScenario" time="0.013">
    <failure type="java.lang.Error" message="Unresolved compilation problem: 
	Unhandled exception type SocketException
">
      <![CDATA[java.lang.Error: Unresolved compilation problem: 
Unhandled exception type SocketException

at StepDefinition.login_SD.user_opens_the_browser_and_OrangeHRM_application_using(login_SD.java:20)
at ✽.User opens the "Chrome" browser and OrangeHRM application using "https://opensource-demo.orangehrmlive.com/web/index.php/auth/login"(file:///C:/Users/Kedar/eclipse-workspace/Pooja/SeleniumMavenProject-TestNG/CucumberTestngMavenUITesting/src/test/resources/Features/login.feature:13)
]]>
    </failure>
  </testcase> <!-- runScenario -->
  <testcase classname="io.cucumber.testng.AbstractTestNGCucumberTests" name="runScenario" time="0.009">
    <failure type="java.lang.Error" message="Unresolved compilation problem: 
	Unhandled exception type SocketException
">
      <![CDATA[java.lang.Error: Unresolved compilation problem: 
Unhandled exception type SocketException

at StepDefinition.login_SD.user_opens_the_browser_and_OrangeHRM_application_using(login_SD.java:20)
at ✽.User opens the "Chrome" browser and OrangeHRM application using "https://opensource-demo.orangehrmlive.com/web/index.php/auth/login"(file:///C:/Users/Kedar/eclipse-workspace/Pooja/SeleniumMavenProject-TestNG/CucumberTestngMavenUITesting/src/test/resources/Features/login.feature:13)
]]>
    </failure>
  </testcase> <!-- runScenario -->
  <testcase classname="io.cucumber.testng.AbstractTestNGCucumberTests" name="runScenario" time="0.009">
    <failure type="java.lang.Error" message="Unresolved compilation problem: 
	Unhandled exception type SocketException
">
      <![CDATA[java.lang.Error: Unresolved compilation problem: 
Unhandled exception type SocketException

at StepDefinition.login_SD.user_opens_the_browser_and_OrangeHRM_application_using(login_SD.java:20)
at ✽.User opens the "Chrome" browser and OrangeHRM application using "https://opensource-demo.orangehrmlive.com/web/index.php/auth/login"(file:///C:/Users/Kedar/eclipse-workspace/Pooja/SeleniumMavenProject-TestNG/CucumberTestngMavenUITesting/src/test/resources/Features/login.feature:13)
]]>
    </failure>
  </testcase> <!-- runScenario -->
</testsuite> <!-- Default test -->
