<?xml version="1.0" encoding="UTF-8"?>
<!-- Generated by org.testng.reporters.JUnitReportReporter -->
<testsuite hostname="LAPTOP-38QPER0S" failures="3" tests="5" name="runner.LoginRunner" time="80.893" errors="0" timestamp="2023-09-03T20:04:34 IST" skipped="0">
  <testcase classname="runner.LoginRunner" name="runScenario" time="8.621"/>
  <system-out/>
  <testcase classname="runner.LoginRunner" name="runScenario" time="12.501">
    <failure message="expected [true] but found [false]" type="java.lang.AssertionError">
      <![CDATA[java.lang.AssertionError: expected [true] but found [false]
at org.testng.Assert.fail(Assert.java:97)
at org.testng.Assert.failNotEquals(Assert.java:969)
at org.testng.Assert.assertTrue(Assert.java:43)
at org.testng.Assert.assertTrue(Assert.java:53)
at StepDefinition.login_SD.user_should_navigate_to_home_page_having_url_as(login_SD.java:36)
at ✽.User should navigate to home page having url as "https://opensource-demo.orangehrmlive.com/web/index.php/dashboard/index"(file:///C:/Users/Kedar/eclipse-workspace/Pooja/SeleniumMavenProject-TestNG/CucumberTestngMavenUITesting/src/test/resources/Features/login.feature:14)
]]>
    </failure>
  </testcase> <!-- runScenario -->
  <system-out/>
  <testcase classname="runner.LoginRunner" name="runScenario" time="16.667">
    <failure message="expected [true] but found [false]" type="java.lang.AssertionError">
      <![CDATA[java.lang.AssertionError: expected [true] but found [false]
at org.testng.Assert.fail(Assert.java:97)
at org.testng.Assert.failNotEquals(Assert.java:969)
at org.testng.Assert.assertTrue(Assert.java:43)
at org.testng.Assert.assertTrue(Assert.java:53)
at StepDefinition.login_SD.user_should_navigate_to_home_page_having_url_as(login_SD.java:36)
at ✽.User should navigate to home page having url as "https://opensource-demo.orangehrmlive.com/web/index.php/dashboard/index"(file:///C:/Users/Kedar/eclipse-workspace/Pooja/SeleniumMavenProject-TestNG/CucumberTestngMavenUITesting/src/test/resources/Features/login.feature:14)
]]>
    </failure>
  </testcase> <!-- runScenario -->
  <system-out/>
  <testcase classname="runner.LoginRunner" name="runScenario" time="26.806">
    <failure message="expected [true] but found [false]" type="java.lang.AssertionError">
      <![CDATA[java.lang.AssertionError: expected [true] but found [false]
at org.testng.Assert.fail(Assert.java:97)
at org.testng.Assert.failNotEquals(Assert.java:969)
at org.testng.Assert.assertTrue(Assert.java:43)
at org.testng.Assert.assertTrue(Assert.java:53)
at StepDefinition.login_SD.user_should_navigate_to_home_page_having_url_as(login_SD.java:36)
at ✽.User should navigate to home page having url as "https://opensource-demo.orangehrmlive.com/web/index.php/dashboard/index"(file:///C:/Users/Kedar/eclipse-workspace/Pooja/SeleniumMavenProject-TestNG/CucumberTestngMavenUITesting/src/test/resources/Features/login.feature:14)
]]>
    </failure>
  </testcase> <!-- runScenario -->
  <system-out/>
  <testcase classname="runner.LoginRunner" name="runScenario" time="16.298"/>
  <system-out/>
</testsuite> <!-- runner.LoginRunner -->
